This is pdfTeX, Version 3.141592653-2.6-1.40.25 (TeX Live 2023/Arch Linux) (preloaded format=latex 2023.11.4)  15 NOV 2023 17:03
entering extended mode
 restricted \write18 enabled.
 %&-line parsing enabled.
**cover.tex
(./cover.tex
LaTeX2e <2022-11-01> patch level 1
L3 programming layer <2023-02-22>

! LaTeX Error: File `report.cls' not found.

Type X to quit or <RETURN> to proceed,
or enter new name. (Default extension: cls)

Enter file name: 
! Emergency stop.
<read *> 
         
l.13 ^^M
        
End of file on the terminal!

 
Here is how much of TeX's memory you used:
 23 strings out of 477986
 468 string characters out of 5840084
 1849385 words of memory out of 5000000
 20321 multiletter control sequences out of 15000+600000
 512287 words of font info for 32 fonts, out of 8000000 for 9000
 14 hyphenation exceptions out of 8191
 19i,0n,29p,88b,17s stack positions out of 10000i,1000n,20000p,200000b,200000s
No pages of output.
